info it worked if it ends with ok
verbose cli [ 'node', '/opt/local/bin/npm', 'install', 'vows' ]
info using npm@1.0.103
info using node@v0.4.8
verbose config file /Users/Yusuke/.npmrc
verbose config file /opt/local/etc/npmrc
verbose config file /opt/local/lib/node_modules/npm/npmrc
silly testEngine { name: 'c2dm',
silly testEngine   description: 'An interface to the Android Cloud to Device Messaging (C2DM) service for Node.js',
silly testEngine   version: '1.0.3',
silly testEngine   author: 
silly testEngine    { name: 'Yury Proshchenko',
silly testEngine      email: 'spect.man@gmail.com' },
silly testEngine   contributors: 
silly testEngine    [ { name: 'Yury Proshchenko',
silly testEngine        email: 'spect.man@gmail.com' } ],
silly testEngine   keywords: 
silly testEngine    [ 'google',
silly testEngine      'push',
silly testEngine      'push notifications',
silly testEngine      'android',
silly testEngine      'c2dm' ],
silly testEngine   main: './lib/c2dm.js',
silly testEngine   repository: 
silly testEngine    { type: 'git',
silly testEngine      url: 'git://github.com/SpeCT/node-c2dm.git',
silly testEngine      web: 'http://github.com/SpeCT/node-c2dm' },
silly testEngine   engines: { node: '>= 0.2.0' },
silly testEngine   _id: 'c2dm@1.0.3',
silly testEngine   dependencies: {},
silly testEngine   devDependencies: {},
silly testEngine   _engineSupported: true,
silly testEngine   _npmVersion: '1.0.103',
silly testEngine   _nodeVersion: 'v0.4.8',
silly testEngine   _defaultsLoaded: true }
verbose caching /Users/Yusuke/Dropbox/workspaces/hackathon/node_modules/c2dm/package.json
verbose loadDefaults c2dm@1.0.3
silly testEngine { name: 'coffee-script',
silly testEngine   description: 'Unfancy JavaScript',
silly testEngine   keywords: [ 'javascript', 'language', 'coffeescript', 'compiler' ],
silly testEngine   author: { name: 'Jeremy Ashkenas' },
silly testEngine   version: '1.2.0',
silly testEngine   licenses: 
silly testEngine    [ { type: 'MIT',
silly testEngine        url: 'http://github.com/jashkenas/coffee-script/raw/master/LICENSE' } ],
silly testEngine   engines: { node: '>=0.4.0' },
silly testEngine   directories: { lib: './lib/coffee-script' },
silly testEngine   main: './lib/coffee-script/coffee-script',
silly testEngine   bin: { coffee: './bin/coffee', cake: './bin/cake' },
silly testEngine   homepage: 'http://coffeescript.org',
silly testEngine   repository: 
silly testEngine    { type: 'git',
silly testEngine      url: 'git://github.com/jashkenas/coffee-script.git' },
silly testEngine   devDependencies: { 'uglify-js': '>=1.0.0', jison: '>=0.2.0' },
silly testEngine   _id: 'coffee-script@1.2.0',
silly testEngine   dependencies: {},
silly testEngine   _engineSupported: true,
silly testEngine   _npmVersion: '1.0.103',
silly testEngine   _nodeVersion: 'v0.4.8',
silly testEngine   _defaultsLoaded: true }
verbose caching /Users/Yusuke/Dropbox/workspaces/hackathon/node_modules/coffee-script/package.json
verbose loadDefaults coffee-script@1.2.0
silly testEngine { name: 'connect',
silly testEngine   version: '1.8.2',
silly testEngine   description: 'High performance middleware framework',
silly testEngine   keywords: [ 'framework', 'web', 'middleware', 'connect', 'rack' ],
silly testEngine   repository: 
silly testEngine    { type: 'git',
silly testEngine      url: 'git://github.com/senchalabs/connect.git' },
silly testEngine   author: 
silly testEngine    { name: 'TJ Holowaychuk',
silly testEngine      email: 'tj@vision-media.ca',
silly testEngine      url: 'http://tjholowaychuk.com' },
silly testEngine   dependencies: 
silly testEngine    { qs: '>= 0.3.1',
silly testEngine      mime: '>= 0.0.1',
silly testEngine      formidable: '1.0.x' },
silly testEngine   devDependencies: 
silly testEngine    { expresso: '0.9.2',
silly testEngine      koala: '0.1.2',
silly testEngine      less: '1.1.1',
silly testEngine      sass: '0.5.0',
silly testEngine      markdown: '0.2.1',
silly testEngine      ejs: '0.4.3',
silly testEngine      should: '0.3.2' },
silly testEngine   main: 'index',
silly testEngine   engines: { node: '>= 0.4.1 < 0.7.0' },
silly testEngine   _id: 'connect@1.8.2',
silly testEngine   _engineSupported: true,
silly testEngine   _npmVersion: '1.0.103',
silly testEngine   _nodeVersion: 'v0.4.8',
silly testEngine   _defaultsLoaded: true }
verbose caching /Users/Yusuke/Dropbox/workspaces/hackathon/node_modules/connect/package.json
verbose loadDefaults connect@1.8.2
silly testEngine { name: 'ejs',
silly testEngine   description: 'Embedded JavaScript templates',
silly testEngine   version: '0.4.3',
silly testEngine   author: 
silly testEngine    { name: 'TJ Holowaychuk',
silly testEngine      email: 'tj@vision-media.ca' },
silly testEngine   keywords: [ 'template', 'engine', 'ejs' ],
silly testEngine   main: './lib/ejs.js',
silly testEngine   _id: 'ejs@0.4.3',
silly testEngine   dependencies: {},
silly testEngine   devDependencies: {},
silly testEngine   engines: { node: '*' },
silly testEngine   _engineSupported: true,
silly testEngine   _npmVersion: '1.0.103',
silly testEngine   _nodeVersion: 'v0.4.8',
silly testEngine   _defaultsLoaded: true }
verbose caching /Users/Yusuke/Dropbox/workspaces/hackathon/node_modules/ejs/package.json
verbose loadDefaults ejs@0.4.3
silly testEngine { name: 'express',
silly testEngine   description: 'Sinatra inspired web development framework',
silly testEngine   version: '2.4.7',
silly testEngine   author: 
silly testEngine    { name: 'TJ Holowaychuk',
silly testEngine      email: 'tj@vision-media.ca' },
silly testEngine   contributors: 
silly testEngine    [ { name: 'TJ Holowaychuk',
silly testEngine        email: 'tj@vision-media.ca' },
silly testEngine      { name: 'Aaron Heckmann',
silly testEngine        email: 'aaron.heckmann+github@gmail.com' },
silly testEngine      { name: 'Ciaran Jessup', email: 'ciaranj@gmail.com' },
silly testEngine      { name: 'Guillermo Rauch', email: 'rauchg@gmail.com' } ],
silly testEngine   dependencies: 
silly testEngine    { connect: '1.7.x',
silly testEngine      mime: '>= 0.0.1',
silly testEngine      qs: '>= 0.3.1',
silly testEngine      mkdirp: '0.0.7' },
silly testEngine   devDependencies: 
silly testEngine    { 'connect-form': '0.2.1',
silly testEngine      ejs: '0.4.2',
silly testEngine      expresso: '0.7.2',
silly testEngine      hamljs: '0.5.1',
silly testEngine      jade: '0.11.0',
silly testEngine      stylus: '0.13.0',
silly testEngine      should: '0.2.1',
silly testEngine      'express-messages': '0.0.2',
silly testEngine      'node-markdown': '>= 0.0.1',
silly testEngine      'connect-redis': '>= 0.0.1' },
silly testEngine   keywords: [ 'framework', 'sinatra', 'web', 'rest', 'restful' ],
silly testEngine   repository: 
silly testEngine    { type: 'git',
silly testEngine      url: 'git://github.com/visionmedia/express.git' },
silly testEngine   main: 'index',
silly testEngine   bin: { express: './bin/express' },
silly testEngine   scripts: { test: 'make test', prepublish: 'npm prune' },
silly testEngine   engines: { node: '>= 0.4.1 < 0.5.0' },
silly testEngine   _id: 'express@2.4.7',
silly testEngine   _engineSupported: true,
silly testEngine   _npmVersion: '1.0.103',
silly testEngine   _nodeVersion: 'v0.4.8',
silly testEngine   _defaultsLoaded: true }
verbose caching /Users/Yusuke/Dropbox/workspaces/hackathon/node_modules/express/package.json
verbose loadDefaults express@2.4.7
silly testEngine { name: 'expresso',
silly testEngine   version: '0.9.2',
silly testEngine   description: 'TDD framework, light-weight, fast, CI-friendly',
silly testEngine   author: 
silly testEngine    { name: 'TJ Holowaychuk',
silly testEngine      email: 'tj@vision-media.ca' },
silly testEngine   repository: 
silly testEngine    { type: 'git',
silly testEngine      url: 'git://github.com/visionmedia/expresso.git' },
silly testEngine   bin: 
silly testEngine    { expresso: './bin/expresso',
silly testEngine      'node-jscoverage': './deps/jscoverage/node-jscoverage' },
silly testEngine   scripts: { preinstall: 'make deps/jscoverage/node-jscoverage' },
silly testEngine   _id: 'expresso@0.9.2',
silly testEngine   dependencies: {},
silly testEngine   devDependencies: {},
silly testEngine   engines: { node: '*' },
silly testEngine   _engineSupported: true,
silly testEngine   _npmVersion: '1.0.103',
silly testEngine   _nodeVersion: 'v0.4.8',
silly testEngine   _defaultsLoaded: true }
verbose caching /Users/Yusuke/Dropbox/workspaces/hackathon/node_modules/expresso/package.json
verbose loadDefaults expresso@0.9.2
silly testEngine { name: 'formidable',
silly testEngine   version: '1.0.7',
silly testEngine   dependencies: {},
silly testEngine   devDependencies: 
silly testEngine    { gently: '0.8.0',
silly testEngine      far: '0.0.7',
silly testEngine      'fast-or-slow': '0.0.5',
silly testEngine      findit: '0.1.1',
silly testEngine      hashish: '0.0.4' },
silly testEngine   directories: { lib: './lib' },
silly testEngine   main: './lib/index',
silly testEngine   engines: { node: '*' },
silly testEngine   _id: 'formidable@1.0.7',
silly testEngine   _engineSupported: true,
silly testEngine   _npmVersion: '1.0.103',
silly testEngine   _nodeVersion: 'v0.4.8',
silly testEngine   _defaultsLoaded: true }
verbose caching /Users/Yusuke/Dropbox/workspaces/hackathon/node_modules/formidable/package.json
verbose loadDefaults formidable@1.0.7
silly testEngine { name: 'goog',
silly testEngine   description: 'Server-side Google Closure with Node.js',
silly testEngine   author: 
silly testEngine    { name: 'Hendrik Schnepel',
silly testEngine      url: 'hendrik.schnepel@gmail.com' },
silly testEngine   directories: { lib: './lib' },
silly testEngine   main: './lib/goog',
silly testEngine   version: '0.2.1',
silly testEngine   engines: { node: '>=0.3.0-pre' },
silly testEngine   repository: 
silly testEngine    { type: 'git',
silly testEngine      url: 'git@github.com:hsch/node-goog.git' },
silly testEngine   licenses: 
silly testEngine    [ { type: 'Apache License, Version 2.0',
silly testEngine        url: 'http://www.apache.org/licenses/LICENSE-2.0' } ],
silly testEngine   _id: 'goog@0.2.1',
silly testEngine   dependencies: {},
silly testEngine   devDependencies: {},
silly testEngine   _engineSupported: true,
silly testEngine   _npmVersion: '1.0.103',
silly testEngine   _nodeVersion: 'v0.4.8',
silly testEngine   _defaultsLoaded: true }
verbose caching /Users/Yusuke/Dropbox/workspaces/hackathon/node_modules/goog/package.json
verbose loadDefaults goog@0.2.1
silly testEngine { name: 'hashish',
silly testEngine   version: '0.0.4',
silly testEngine   description: 'Hash data structure manipulation functions',
silly testEngine   main: './index.js',
silly testEngine   repository: 
silly testEngine    { type: 'git',
silly testEngine      url: 'git://github.com/substack/node-hashish.git' },
silly testEngine   keywords: 
silly testEngine    [ 'hash',
silly testEngine      'object',
silly testEngine      'convenience',
silly testEngine      'manipulation',
silly testEngine      'data structure' ],
silly testEngine   author: 
silly testEngine    { name: 'James Halliday',
silly testEngine      email: 'mail@substack.net',
silly testEngine      url: 'http://substack.net' },
silly testEngine   dependencies: { traverse: '>=0.2.4' },
silly testEngine   devDependencies: { expresso: '>=0.6.0' },
silly testEngine   scripts: { test: 'expresso' },
silly testEngine   license: 'MIT/X11',
silly testEngine   engine: [ 'node >=0.2.0' ],
silly testEngine   _id: 'hashish@0.0.4',
silly testEngine   engines: { node: '*' },
silly testEngine   _engineSupported: true,
silly testEngine   _npmVersion: '1.0.103',
silly testEngine   _nodeVersion: 'v0.4.8',
silly testEngine   _defaultsLoaded: true }
verbose caching /Users/Yusuke/Dropbox/workspaces/hackathon/node_modules/hashish/package.json
verbose loadDefaults hashish@0.0.4
silly testEngine { name: 'mysql',
silly testEngine   version: '0.9.4',
silly testEngine   author: 
silly testEngine    { name: 'Felix Geisendörfer',
silly testEngine      email: 'felix@debuggable.com',
silly testEngine      url: 'http://debuggable.com/' },
silly testEngine   description: 'A pure node.js JavaScript Client implementing the MySQL protocol.',
silly testEngine   homepage: 'https://github.com/felixge/node-mysql',
silly testEngine   repository: 
silly testEngine    { type: 'git',
silly testEngine      url: 'git://github.com/felixge/node-mysql.git' },
silly testEngine   main: './index',
silly testEngine   scripts: { test: 'make test' },
silly testEngine   dependencies: { hashish: '0.0.4' },
silly testEngine   devDependencies: 
silly testEngine    { gently: '0.8.0',
silly testEngine      far: '0.0.6',
silly testEngine      'fast-or-slow': '0.0.5' },
silly testEngine   engines: { node: '*' },
silly testEngine   _id: 'mysql@0.9.4',
silly testEngine   _engineSupported: true,
silly testEngine   _npmVersion: '1.0.103',
silly testEngine   _nodeVersion: 'v0.4.8',
silly testEngine   _defaultsLoaded: true }
verbose caching /Users/Yusuke/Dropbox/workspaces/hackathon/node_modules/mysql/package.json
verbose loadDefaults mysql@0.9.4
silly testEngine { name: 'socket.io',
silly testEngine   version: '0.8.7',
silly testEngine   description: 'Real-time apps made cross-browser & easy with a WebSocket-like API',
silly testEngine   homepage: 'http://socket.io',
silly testEngine   keywords: 
silly testEngine    [ 'websocket',
silly testEngine      'socket',
silly testEngine      'realtime',
silly testEngine      'socket.io',
silly testEngine      'comet',
silly testEngine      'ajax' ],
silly testEngine   author: 
silly testEngine    { name: 'Guillermo Rauch',
silly testEngine      email: 'guillermo@learnboost.com' },
silly testEngine   contributors: 
silly testEngine    [ { name: 'Guillermo Rauch', email: 'rauchg@gmail.com' },
silly testEngine      { name: 'Arnout Kazemier',
silly testEngine        email: 'info@3rd-eden.com' },
silly testEngine      { name: 'Vladimir Dronnikov',
silly testEngine        email: 'dronnikov@gmail.com' },
silly testEngine      { name: 'Einar Otto Stangvik',
silly testEngine        email: 'einaros@gmail.com' } ],
silly testEngine   repository: 
silly testEngine    { type: 'git',
silly testEngine      url: 'git://github.com/LearnBoost/socket.io.git' },
silly testEngine   dependencies: 
silly testEngine    { 'socket.io-client': '0.8.7',
silly testEngine      policyfile: '0.0.4',
silly testEngine      redis: '0.6.7' },
silly testEngine   devDependencies: 
silly testEngine    { expresso: '0.9.2',
silly testEngine      should: '0.0.4',
silly testEngine      assertvanish: '0.0.3-1',
silly testEngine      benchmark: '0.2.2',
silly testEngine      microtime: '0.1.3-1',
silly testEngine      colors: '0.5.1' },
silly testEngine   main: 'index',
silly testEngine   engines: { node: '>= 0.4.0' },
silly testEngine   _id: 'socket.io@0.8.7',
silly testEngine   _engineSupported: true,
silly testEngine   _npmVersion: '1.0.103',
silly testEngine   _nodeVersion: 'v0.4.8',
silly testEngine   _defaultsLoaded: true }
verbose caching /Users/Yusuke/Dropbox/workspaces/hackathon/node_modules/socket.io/package.json
verbose loadDefaults socket.io@0.8.7
WARN sinon@1.2.0 package.json: bugs['web'] should probably be bugs['url']
silly testEngine { name: 'sinon',
silly testEngine   description: 'JavaScript test spies, stubs and mocks.',
silly testEngine   version: '1.2.0',
silly testEngine   homepage: 'http://cjohansen.no/sinon/',
silly testEngine   author: { name: 'Christian Johansen' },
silly testEngine   repository: 
silly testEngine    { type: 'git',
silly testEngine      url: 'git://github.com/cjohansen/Sinon.JS.git' },
silly testEngine   bugs: 
silly testEngine    { email: 'christian@cjohansen.no',
silly testEngine      url: 'http://github.com/cjohansen/Sinon.JS/issues' },
silly testEngine   licenses: 
silly testEngine    [ { type: 'BSD',
silly testEngine        url: 'http://github.com/cjohansen/Sinon.JS/blob/master/LICENSE' } ],
silly testEngine   main: './lib/sinon.js',
silly testEngine   engines: { node: '>=0.1.103' },
silly testEngine   _id: 'sinon@1.2.0',
silly testEngine   contributors: 
silly testEngine    [ { name: 'Sinon.JS was written by' },
silly testEngine      { name: 'Christian Johansen, christian@cjohansen.no' },
silly testEngine      { name: 'Contributors' },
silly testEngine      { name: 'August Lilleaas, augustlilleaas@gmail.com' },
silly testEngine      { name: 'Gord Tanner, gord@tinyhippos.com' },
silly testEngine      { name: 'Sven Fuchs, http://github.com/svenfuchs' },
silly testEngine      { name: 'Gregers Gram Rygg, http://github.com/gregersrygg' },
silly testEngine      { name: 'Tristan Koch, http://qooxdoo.org' },
silly testEngine      { name: 'Maximilian Antoni, http://www.maxantoni.de/' },
silly testEngine      { name: 'Olmo Maldonado, olmo.maldonado@gmail.com' },
silly testEngine      { name: 'Max Antoni, mail@maxantoni.de' },
silly testEngine      { name: 'Will Butler, will@butlerhq.com' } ],
silly testEngine   dependencies: {},
silly testEngine   devDependencies: {},
silly testEngine   _engineSupported: true,
silly testEngine   _npmVersion: '1.0.103',
silly testEngine   _nodeVersion: 'v0.4.8',
silly testEngine   _defaultsLoaded: true }
verbose caching /Users/Yusuke/Dropbox/workspaces/hackathon/node_modules/sinon/package.json
verbose loadDefaults sinon@1.2.0
verbose into /Users/Yusuke/Dropbox/workspaces/hackathon [ 'vows' ]
verbose cache add vows
verbose cache add [ 'vows', null ]
silly cache add: name, spec, args [ undefined, 'vows', [ 'vows', null ] ]
verbose parsed url { pathname: 'vows', href: 'vows' }
info addNamed [ 'vows', '' ]
verbose addNamed [ null, '' ]
verbose GET vows
verbose raw, before any munging vows
verbose url resolving [ 'http://registry.npmjs.org/', './vows' ]
verbose url resolved http://registry.npmjs.org/vows
verbose etag "BUDSB3ZUUG56WCZ861XGD4PMM"
silly get cb [ 304,
silly get cb   { server: 'CouchDB/1.1.0 (Erlang OTP/R14B04)',
silly get cb     etag: '"BUDSB3ZUUG56WCZ861XGD4PMM"',
silly get cb     date: 'Sun, 19 Feb 2012 10:18:19 GMT',
silly get cb     'content-length': '0' } ]
verbose etag vows from cache
verbose GET vows/0.6.1
verbose raw, before any munging vows/0.6.1
verbose url resolving [ 'http://registry.npmjs.org/', './vows/0.6.1' ]
verbose url resolved http://registry.npmjs.org/vows/0.6.1
verbose etag "BUDSB3ZUUG56WCZ861XGD4PMM"
silly get cb [ 304,
silly get cb   { server: 'CouchDB/1.1.0 (Erlang OTP/R14B04)',
silly get cb     etag: '"BUDSB3ZUUG56WCZ861XGD4PMM"',
silly get cb     date: 'Sun, 19 Feb 2012 10:18:20 GMT',
silly get cb     'content-length': '0' } ]
verbose etag vows/0.6.1 from cache
verbose bin dist [ '0.4-ares1.7.4-ev4.4-openssl1.0.0d-v83.1.8.16-darwin-10.7.0',
verbose bin dist   { shasum: '0d3ccec76794b7ac8600b5c700d689864a640a2b',
verbose bin dist     tarball: 'http://registry.npmjs.org/vows/-/vows-0.6.1.tgz' } ]
silly testEngine { name: 'vows',
silly testEngine   description: 'Asynchronous BDD & continuous integration for node.js',
silly testEngine   url: 'http://vowsjs.org',
silly testEngine   keywords: [ 'testing', 'spec', 'test', 'BDD' ],
silly testEngine   author: 
silly testEngine    { name: 'Alexis Sellier',
silly testEngine      email: 'self@cloudhead.net' },
silly testEngine   contributors: 
silly testEngine    [ { name: 'Charlie Robbins',
silly testEngine        email: 'charlie.robbins@gmail.com' } ],
silly testEngine   dependencies: { eyes: '>=0.1.6' },
silly testEngine   main: './lib/vows',
silly testEngine   bin: { vows: './bin/vows' },
silly testEngine   directories: { test: './test', bin: './bin' },
silly testEngine   version: '0.6.1',
silly testEngine   scripts: { test: './bin/vows --spec' },
silly testEngine   engines: { node: '>=0.2.6' },
silly testEngine   _id: 'vows@0.6.1',
silly testEngine   devDependencies: {},
silly testEngine   _engineSupported: true,
silly testEngine   _npmVersion: '1.0.103',
silly testEngine   _nodeVersion: 'v0.4.8',
silly testEngine   _defaultsLoaded: true }
verbose caching /Users/Yusuke/.npm/vows/0.6.1/package/package.json
verbose loadDefaults vows@0.6.1
silly resolved [ { name: 'vows',
silly resolved     description: 'Asynchronous BDD & continuous integration for node.js',
silly resolved     url: 'http://vowsjs.org',
silly resolved     keywords: [ 'testing', 'spec', 'test', 'BDD' ],
silly resolved     author: 
silly resolved      { name: 'Alexis Sellier',
silly resolved        email: 'self@cloudhead.net' },
silly resolved     contributors: 
silly resolved      [ { name: 'Charlie Robbins',
silly resolved          email: 'charlie.robbins@gmail.com' } ],
silly resolved     dependencies: { eyes: '>=0.1.6' },
silly resolved     main: './lib/vows',
silly resolved     bin: { vows: './bin/vows' },
silly resolved     directories: { test: './test', bin: './bin' },
silly resolved     version: '0.6.1',
silly resolved     scripts: { test: './bin/vows --spec' },
silly resolved     engines: { node: '>=0.2.6' },
silly resolved     _id: 'vows@0.6.1',
silly resolved     devDependencies: {},
silly resolved     _engineSupported: true,
silly resolved     _npmVersion: '1.0.103',
silly resolved     _nodeVersion: 'v0.4.8',
silly resolved     _defaultsLoaded: true } ]
info into /Users/Yusuke/Dropbox/workspaces/hackathon vows@0.6.1
info installOne vows@0.6.1
info unbuild /Users/Yusuke/Dropbox/workspaces/hackathon/node_modules/vows
silly testEngine { name: 'vows',
silly testEngine   description: 'Asynchronous BDD & continuous integration for node.js',
silly testEngine   url: 'http://vowsjs.org',
silly testEngine   keywords: [ 'testing', 'spec', 'test', 'BDD' ],
silly testEngine   author: 
silly testEngine    { name: 'Alexis Sellier',
silly testEngine      email: 'self@cloudhead.net' },
silly testEngine   contributors: 
silly testEngine    [ { name: 'Charlie Robbins',
silly testEngine        email: 'charlie.robbins@gmail.com' } ],
silly testEngine   dependencies: { eyes: '>=0.1.6' },
silly testEngine   main: './lib/vows',
silly testEngine   bin: { vows: './bin/vows' },
silly testEngine   directories: { test: './test', bin: './bin' },
silly testEngine   version: '0.6.0',
silly testEngine   scripts: { test: './bin/vows --spec' },
silly testEngine   engines: { node: '>=0.2.6' },
silly testEngine   _id: 'vows@0.6.0',
silly testEngine   devDependencies: {},
silly testEngine   _engineSupported: true,
silly testEngine   _npmVersion: '1.0.103',
silly testEngine   _nodeVersion: 'v0.4.8',
silly testEngine   _defaultsLoaded: true }
verbose caching /Users/Yusuke/Dropbox/workspaces/hackathon/node_modules/vows/package.json
verbose loadDefaults vows@0.6.0
info preuninstall vows@0.6.0
info uninstall vows@0.6.0
verbose unbuild vows@0.6.0 [ true,
verbose unbuild vows@0.6.0   '/Users/Yusuke/Dropbox/workspaces/hackathon/node_modules',
verbose unbuild vows@0.6.0   '/Users/Yusuke/Dropbox/workspaces/hackathon/node_modules' ]
verbose binRoot [ '/Users/Yusuke/Dropbox/workspaces/hackathon/.bin',
verbose binRoot   { vows: './bin/vows' } ]
ERR! error installing vows@0.6.1 Error: Refusing to delete: /Users/Yusuke/Dropbox/workspaces/hackathon/.bin/vows not in /Users/Yusuke/Dropbox/workspaces/hackathon/node_modules/vows
ERR! error installing vows@0.6.1     at clobberFail (/opt/local/lib/node_modules/npm/node_modules/rimraf/rimraf.js:110:12)
ERR! error installing vows@0.6.1     at next (/opt/local/lib/node_modules/npm/node_modules/rimraf/rimraf.js:97:42)
ERR! error installing vows@0.6.1     at clobberTest (/opt/local/lib/node_modules/npm/node_modules/rimraf/rimraf.js:92:28)
ERR! error installing vows@0.6.1     at /opt/local/lib/node_modules/npm/node_modules/rimraf/rimraf.js:70:29
ERR! error installing vows@0.6.1     at cb (/opt/local/lib/node_modules/npm/node_modules/graceful-fs/graceful-fs.js:36:9)
info unbuild /Users/Yusuke/Dropbox/workspaces/hackathon/node_modules/vows
silly testEngine { name: 'vows',
silly testEngine   description: 'Asynchronous BDD & continuous integration for node.js',
silly testEngine   url: 'http://vowsjs.org',
silly testEngine   keywords: [ 'testing', 'spec', 'test', 'BDD' ],
silly testEngine   author: 
silly testEngine    { name: 'Alexis Sellier',
silly testEngine      email: 'self@cloudhead.net' },
silly testEngine   contributors: 
silly testEngine    [ { name: 'Charlie Robbins',
silly testEngine        email: 'charlie.robbins@gmail.com' } ],
silly testEngine   dependencies: { eyes: '>=0.1.6' },
silly testEngine   main: './lib/vows',
silly testEngine   bin: { vows: './bin/vows' },
silly testEngine   directories: { test: './test', bin: './bin' },
silly testEngine   version: '0.6.0',
silly testEngine   scripts: { test: './bin/vows --spec' },
silly testEngine   engines: { node: '>=0.2.6' },
silly testEngine   _id: 'vows@0.6.0',
silly testEngine   devDependencies: {},
silly testEngine   _engineSupported: true,
silly testEngine   _npmVersion: '1.0.103',
silly testEngine   _nodeVersion: 'v0.4.8',
silly testEngine   _defaultsLoaded: true }
verbose caching /Users/Yusuke/Dropbox/workspaces/hackathon/node_modules/vows/package.json
verbose loadDefaults vows@0.6.0
info preuninstall vows@0.6.0
info uninstall vows@0.6.0
verbose unbuild vows@0.6.0 [ true,
verbose unbuild vows@0.6.0   '/Users/Yusuke/Dropbox/workspaces/hackathon/node_modules',
verbose unbuild vows@0.6.0   '/Users/Yusuke/Dropbox/workspaces/hackathon/node_modules' ]
verbose binRoot [ '/Users/Yusuke/Dropbox/workspaces/hackathon/.bin',
verbose binRoot   { vows: './bin/vows' } ]
ERR! error rolling back vows@0.6.1 Error: Refusing to delete: /Users/Yusuke/Dropbox/workspaces/hackathon/.bin/vows not in /Users/Yusuke/Dropbox/workspaces/hackathon/node_modules/vows
ERR! error rolling back vows@0.6.1     at clobberFail (/opt/local/lib/node_modules/npm/node_modules/rimraf/rimraf.js:110:12)
ERR! error rolling back vows@0.6.1     at next (/opt/local/lib/node_modules/npm/node_modules/rimraf/rimraf.js:97:42)
ERR! error rolling back vows@0.6.1     at clobberTest (/opt/local/lib/node_modules/npm/node_modules/rimraf/rimraf.js:92:28)
ERR! error rolling back vows@0.6.1     at /opt/local/lib/node_modules/npm/node_modules/rimraf/rimraf.js:70:29
ERR! error rolling back vows@0.6.1     at cb (/opt/local/lib/node_modules/npm/node_modules/graceful-fs/graceful-fs.js:36:9)
verbose installOne cb vows@0.6.1
ERR! Error: Refusing to delete: /Users/Yusuke/Dropbox/workspaces/hackathon/.bin/vows not in /Users/Yusuke/Dropbox/workspaces/hackathon/node_modules/vows
ERR!     at clobberFail (/opt/local/lib/node_modules/npm/node_modules/rimraf/rimraf.js:110:12)
ERR!     at next (/opt/local/lib/node_modules/npm/node_modules/rimraf/rimraf.js:97:42)
ERR!     at clobberTest (/opt/local/lib/node_modules/npm/node_modules/rimraf/rimraf.js:92:28)
ERR!     at /opt/local/lib/node_modules/npm/node_modules/rimraf/rimraf.js:70:29
ERR!     at cb (/opt/local/lib/node_modules/npm/node_modules/graceful-fs/graceful-fs.js:36:9)
ERR! Report this *entire* log at:
ERR!     <http://github.com/isaacs/npm/issues>
ERR! or email it to:
ERR!     <npm-@googlegroups.com>
ERR! 
ERR! System Darwin 10.7.0
ERR! command "node" "/opt/local/bin/npm" "install" "vows"
ERR! cwd /Users/Yusuke/Dropbox/workspaces/hackathon
ERR! node -v v0.4.8
ERR! npm -v 1.0.103
ERR! path /Users/Yusuke/Dropbox/workspaces/hackathon/.bin/vows
ERR! code EEXIST
verbose exit [ 1, true ]
